This is pdfTeX, Version 3.14159265-2.6-1.40.20 (TeX Live 2019) (preloaded format=pdflatex 2019.10.30)  5 NOV 2019 12:18
entering extended mode
 restricted \write18 enabled.
 %&-line parsing enabled.
**RASD.tex
(./RASD.tex
LaTeX2e <2018-12-01>
(/usr/local/texlive/2019/texmf-dist/tex/latex/base/article.cls
Document Class: article 2018/09/03 v1.4i Standard LaTeX document class
(/usr/local/texlive/2019/texmf-dist/tex/latex/base/size10.clo
File: size10.clo 2018/09/03 v1.4i Standard LaTeX file (size option)
)
\c@part=\count80
\c@section=\count81
\c@subsection=\count82
\c@subsubsection=\count83
\c@paragraph=\count84
\c@subparagraph=\count85
\c@figure=\count86
\c@table=\count87
\abovecaptionskip=\skip41
\belowcaptionskip=\skip42
\bibindent=\dimen102
)
(/usr/local/texlive/2019/texmf-dist/tex/latex/graphics/graphicx.sty
Package: graphicx 2017/06/01 v1.1a Enhanced LaTeX Graphics (DPC,SPQR)

(/usr/local/texlive/2019/texmf-dist/tex/latex/graphics/keyval.sty
Package: keyval 2014/10/28 v1.15 key=value parser (DPC)
\KV@toks@=\toks14
)
(/usr/local/texlive/2019/texmf-dist/tex/latex/graphics/graphics.sty
Package: graphics 2017/06/25 v1.2c Standard LaTeX Graphics (DPC,SPQR)

(/usr/local/texlive/2019/texmf-dist/tex/latex/graphics/trig.sty
Package: trig 2016/01/03 v1.10 sin cos tan (DPC)
)
(/usr/local/texlive/2019/texmf-dist/tex/latex/graphics-cfg/graphics.cfg
File: graphics.cfg 2016/06/04 v1.11 sample graphics configuration
)
Package graphics Info: Driver file: pdftex.def on input line 99.

(/usr/local/texlive/2019/texmf-dist/tex/latex/graphics-def/pdftex.def
File: pdftex.def 2018/01/08 v1.0l Graphics/color driver for pdftex
))
\Gin@req@height=\dimen103
\Gin@req@width=\dimen104
)
(/usr/local/texlive/2019/texmf-dist/tex/latex/tools/longtable.sty
Package: longtable 2014/10/28 v4.11 Multi-page Table package (DPC)+ FMi change
\LTleft=\skip43
\LTright=\skip44
\LTpre=\skip45
\LTpost=\skip46
\LTchunksize=\count88
\LTcapwidth=\dimen105
\LT@head=\box27
\LT@firsthead=\box28
\LT@foot=\box29
\LT@lastfoot=\box30
\LT@cols=\count89
\LT@rows=\count90
\c@LT@tables=\count91
\c@LT@chunks=\count92
\LT@p@ftn=\toks15
)
(/usr/local/texlive/2019/texmf-dist/tex/latex/float/float.sty
Package: float 2001/11/08 v1.3d Float enhancements (AL)
\c@float@type=\count93
\float@exts=\toks16
\float@box=\box31
\@float@everytoks=\toks17
\@floatcapt=\box32
) (./RASD.aux)
\openout1 = `RASD.aux'.

LaTeX Font Info:    Checking defaults for OML/cmm/m/it on input line 10.
LaTeX Font Info:    ... okay on input line 10.
LaTeX Font Info:    Checking defaults for T1/cmr/m/n on input line 10.
LaTeX Font Info:    ... okay on input line 10.
LaTeX Font Info:    Checking defaults for OT1/cmr/m/n on input line 10.
LaTeX Font Info:    ... okay on input line 10.
LaTeX Font Info:    Checking defaults for OMS/cmsy/m/n on input line 10.
LaTeX Font Info:    ... okay on input line 10.
LaTeX Font Info:    Checking defaults for OMX/cmex/m/n on input line 10.
LaTeX Font Info:    ... okay on input line 10.
LaTeX Font Info:    Checking defaults for U/cmr/m/n on input line 10.
LaTeX Font Info:    ... okay on input line 10.

(/usr/local/texlive/2019/texmf-dist/tex/context/base/mkii/supp-pdf.mkii
[Loading MPS to PDF converter (version 2006.09.02).]
\scratchcounter=\count94
\scratchdimen=\dimen106
\scratchbox=\box33
\nofMPsegments=\count95
\nofMParguments=\count96
\everyMPshowfont=\toks18
\MPscratchCnt=\count97
\MPscratchDim=\dimen107
\MPnumerator=\count98
\makeMPintoPDFobject=\count99
\everyMPtoPDFconversion=\toks19
) (/usr/local/texlive/2019/texmf-dist/tex/latex/oberdiek/epstopdf-base.sty
Package: epstopdf-base 2016/05/15 v2.6 Base part for package epstopdf

(/usr/local/texlive/2019/texmf-dist/tex/generic/oberdiek/infwarerr.sty
Package: infwarerr 2016/05/16 v1.4 Providing info/warning/error messages (HO)
)
(/usr/local/texlive/2019/texmf-dist/tex/latex/oberdiek/grfext.sty
Package: grfext 2016/05/16 v1.2 Manage graphics extensions (HO)

(/usr/local/texlive/2019/texmf-dist/tex/generic/oberdiek/kvdefinekeys.sty
Package: kvdefinekeys 2016/05/16 v1.4 Define keys (HO)

(/usr/local/texlive/2019/texmf-dist/tex/generic/oberdiek/ltxcmds.sty
Package: ltxcmds 2016/05/16 v1.23 LaTeX kernel commands for general use (HO)
)))
(/usr/local/texlive/2019/texmf-dist/tex/latex/oberdiek/kvoptions.sty
Package: kvoptions 2016/05/16 v3.12 Key value format for package options (HO)

(/usr/local/texlive/2019/texmf-dist/tex/generic/oberdiek/kvsetkeys.sty
Package: kvsetkeys 2016/05/16 v1.17 Key value parser (HO)

(/usr/local/texlive/2019/texmf-dist/tex/generic/oberdiek/etexcmds.sty
Package: etexcmds 2016/05/16 v1.6 Avoid name clashes with e-TeX commands (HO)

(/usr/local/texlive/2019/texmf-dist/tex/generic/oberdiek/ifluatex.sty
Package: ifluatex 2016/05/16 v1.4 Provides the ifluatex switch (HO)
Package ifluatex Info: LuaTeX not detected.
))))
(/usr/local/texlive/2019/texmf-dist/tex/generic/oberdiek/pdftexcmds.sty
Package: pdftexcmds 2018/09/10 v0.29 Utility functions of pdfTeX for LuaTeX (HO
)

(/usr/local/texlive/2019/texmf-dist/tex/generic/oberdiek/ifpdf.sty
Package: ifpdf 2018/09/07 v3.3 Provides the ifpdf switch
)
Package pdftexcmds Info: LuaTeX not detected.
Package pdftexcmds Info: \pdf@primitive is available.
Package pdftexcmds Info: \pdf@ifprimitive is available.
Package pdftexcmds Info: \pdfdraftmode found.
)
Package epstopdf-base Info: Redefining graphics rule for `.eps' on input line 4
38.
Package grfext Info: Graphics extension search list:
(grfext)             [.pdf,.png,.jpg,.mps,.jpeg,.jbig2,.jb2,.PDF,.PNG,.JPG,.JPE
G,.JBIG2,.JB2,.eps]
(grfext)             \AppendGraphicsExtensions on input line 456.

(/usr/local/texlive/2019/texmf-dist/tex/latex/latexconfig/epstopdf-sys.cfg
File: epstopdf-sys.cfg 2010/07/13 v1.3 Configuration of (r)epstopdf for TeX Liv
e
))
<./Images/polimi_logo.png, id=1, 666.49pt x 489.83pt>
File: ./Images/polimi_logo.png Graphic file (type png)
<use ./Images/polimi_logo.png>
Package pdftex.def Info: ./Images/polimi_logo.png  used on input line 14.
(pdftex.def)             Requested size: 309.71124pt x 227.62204pt.
LaTeX Font Info:    External font `cmex10' loaded for size
(Font)              <12> on input line 25.
LaTeX Font Info:    External font `cmex10' loaded for size
(Font)              <8> on input line 25.
LaTeX Font Info:    External font `cmex10' loaded for size
(Font)              <6> on input line 25.

[1

{/usr/local/texlive/2019/texmf-var/fonts/map/pdftex/updmap/pdftex.map} <./Image
s/polimi_logo.png>] (./RASD.toc
LaTeX Font Info:    External font `cmex10' loaded for size
(Font)              <7> on input line 2.
LaTeX Font Info:    External font `cmex10' loaded for size
(Font)              <5> on input line 2.
 [2])
\tf@toc=\write3
\openout3 = `RASD.toc'.

 [3]
Underfull \hbox (badness 10000) in paragraph at lines 41--47

 []


Underfull \hbox (badness 10000) in paragraph at lines 41--47

 []


Underfull \hbox (badness 10000) in paragraph at lines 41--47

 []


Underfull \hbox (badness 10000) in paragraph at lines 41--47

 []

[4]
LaTeX Font Info:    Try loading font information for OMS+cmr on input line 49.
 (/usr/local/texlive/2019/texmf-dist/tex/latex/base/omscmr.fd
File: omscmr.fd 2014/09/29 v2.5h Standard LaTeX font definitions
)
LaTeX Font Info:    Font shape `OMS/cmr/m/n' in size <10> not available
(Font)              Font shape `OMS/cmsy/m/n' tried instead on input line 49.

Underfull \hbox (badness 10000) in paragraph at lines 51--55

 []


Underfull \hbox (badness 10000) in paragraph at lines 55--59

 []


Underfull \hbox (badness 10000) in paragraph at lines 77--79

 []

[5] [6] [7]
Overfull \hbox (32.13979pt too wide) in paragraph at lines 168--169
[]\OT1/cmr/m/n/10 Alloy Of-fi-cial Doc-u-men-ta-tion: http://alloy.lcs.mit.edu/
alloy/documentation.html 
 []

[8] [9]
Underfull \hbox (badness 10000) in paragraph at lines 185--223

 []


Overfull \hbox (11.03017pt too wide) in paragraph at lines 185--223
\OT1/cmr/bx/n/10 A generic traf-fic Vi-o-la-tion oc-curs on the streets un-der 
the []
 []


Underfull \hbox (badness 10000) in paragraph at lines 185--223

 []


Underfull \hbox (badness 10000) in paragraph at lines 185--223

 []


Underfull \hbox (badness 10000) in paragraph at lines 185--223

 []


Underfull \hbox (badness 10000) in paragraph at lines 185--223

 []


Underfull \hbox (badness 10000) in paragraph at lines 185--223

 []


Underfull \hbox (badness 10000) in paragraph at lines 185--223

 []


Underfull \hbox (badness 10000) in paragraph at lines 185--223

 []


Underfull \hbox (badness 10000) in paragraph at lines 185--223

 []


Underfull \hbox (badness 10000) in paragraph at lines 185--223

 []


Underfull \hbox (badness 10000) in paragraph at lines 185--223

 []


Underfull \hbox (badness 10000) in paragraph at lines 185--223

 []


Underfull \hbox (badness 10000) in paragraph at lines 185--223

 []


Underfull \hbox (badness 10000) in paragraph at lines 185--223

 []


Underfull \hbox (badness 10000) in paragraph at lines 185--223

 []


Underfull \hbox (badness 10000) in paragraph at lines 185--223

 []


Underfull \hbox (badness 10000) in paragraph at lines 185--223

 []


Underfull \hbox (badness 10000) in paragraph at lines 185--223

 []


Underfull \hbox (badness 10000) in paragraph at lines 185--223

 []

[10] [11]
Underfull \hbox (badness 10000) in paragraph at lines 233--235

 []


Underfull \hbox (badness 10000) in paragraph at lines 236--238

 []

[12]
Underfull \hbox (badness 10000) in paragraph at lines 239--240

 []


Underfull \hbox (badness 10000) in paragraph at lines 241--243

 []


Underfull \hbox (badness 10000) in paragraph at lines 244--246

 []


Underfull \hbox (badness 10000) in paragraph at lines 247--249

 []


Underfull \hbox (badness 10000) in paragraph at lines 250--252

 []

[13] [14] [15]
<./Images/safestreets_logo.png, id=60, 150.5625pt x 150.5625pt>
File: ./Images/safestreets_logo.png Graphic file (type png)
<use ./Images/safestreets_logo.png>
Package pdftex.def Info: ./Images/safestreets_logo.png  used on input line 309.

(pdftex.def)             Requested size: 99.5875pt x 99.58464pt.
<Images/Interfaces/login.png, id=61, 443.6575pt x 849.1725pt>
File: Images/Interfaces/login.png Graphic file (type png)
<use Images/Interfaces/login.png>
Package pdftex.def Info: Images/Interfaces/login.png  used on input line 316.
(pdftex.def)             Requested size: 77.29596pt x 147.95424pt.
<Images/Interfaces/signup.png, id=62, 443.6575pt x 849.1725pt>
File: Images/Interfaces/signup.png Graphic file (type png)
<use Images/Interfaces/signup.png>
Package pdftex.def Info: Images/Interfaces/signup.png  used on input line 323.
(pdftex.def)             Requested size: 77.29596pt x 147.95424pt.
 [16 <./Images/safestreets_logo.png> <./Images/Interfaces/login.png>] [17 <./Im
ages/Interfaces/signup.png>]
Underfull \hbox (badness 10000) in paragraph at lines 363--365

 []


Underfull \hbox (badness 10000) in paragraph at lines 366--368

 []

[18]
Overfull \hbox (63.1122pt too wide) in alignment at lines 372--417
 [] [] 
 []


Underfull \vbox (badness 10000) detected at line 417
 []

[19]
Overfull \hbox (63.1122pt too wide) in alignment at lines 420--464
 [] [] 
 []


Underfull \vbox (badness 10000) detected at line 464
 []

[20]
Overfull \hbox (63.1122pt too wide) in alignment at lines 467--511
 [] [] 
 []


Underfull \vbox (badness 10000) detected at line 511
 []

[21]
Overfull \hbox (63.1122pt too wide) in alignment at lines 514--545
 [] [] 
 []


Underfull \vbox (badness 10000) detected at line 545
 []

[22]
Overfull \hbox (63.1122pt too wide) in alignment at lines 548--579
 [] [] 
 []


Underfull \vbox (badness 10000) detected at line 579
 []

[23]
Overfull \hbox (63.1122pt too wide) in alignment at lines 582--608
 [] [] 
 []


Underfull \vbox (badness 10000) detected at line 608
 []

[24] [25] [26] [27] [28] (./RASD.aux) ) 
Here is how much of TeX's memory you used:
 1638 strings out of 492616
 23610 string characters out of 6129480
 100528 words of memory out of 5000000
 5545 multiletter control sequences out of 15000+600000
 8887 words of font info for 31 fonts, out of 8000000 for 9000
 1141 hyphenation exceptions out of 8191
 41i,7n,25p,1654b,307s stack positions out of 5000i,500n,10000p,200000b,80000s
</usr/local/texlive/2019/texmf-dist/font
s/type1/public/amsfonts/cm/cmbx10.pfb></usr/local/texlive/2019/texmf-dist/fonts
/type1/public/amsfonts/cm/cmbx12.pfb></usr/local/texlive/2019/texmf-dist/fonts/
type1/public/amsfonts/cm/cmr10.pfb></usr/local/texlive/2019/texmf-dist/fonts/ty
pe1/public/amsfonts/cm/cmr12.pfb></usr/local/texlive/2019/texmf-dist/fonts/type
1/public/amsfonts/cm/cmsy10.pfb></usr/local/texlive/2019/texmf-dist/fonts/type1
/public/amsfonts/cm/cmti10.pfb></usr/local/texlive/2019/texmf-dist/fonts/type1/
public/amsfonts/cm/cmti12.pfb>
Output written on RASD.pdf (28 pages, 532715 bytes).
PDF statistics:
 131 PDF objects out of 1000 (max. 8388607)
 85 compressed objects within 1 object stream
 0 named destinations out of 1000 (max. 500000)
 21 words of extra memory for PDF output out of 10000 (max. 10000000)

